<testsuite failures="0" name="src/test/java/com/wellsfargo/featurefiles/Karate24_Kafka3_validation.feature" skipped="0" tests="8" time="3.032281">
  <testcase classname="src.test.java.com.wellsfargo.featurefiles.Karate24_Kafka3_validation" name="Creating Consumer" time="1.659723">
    <system-out>Given url "http://10.0.0.60:8082" ......................................... passed
Given path "/consumers/my-consumer-group" ................................. passed
And request ............................................................... passed
And header Content-Type = "application/vnd.kafka.json.v2+json" ............ passed
When method post .......................................................... passed
Then status 200 ........................................................... passed
* print response .......................................................... passed
* match response.instance_id == "piyush_consumer" ......................... passed
* def consumer_url = response.base_uri .................................... passed
* print consumer_url ...................................................... passed</system-out>
  </testcase>
  <testcase classname="src.test.java.com.wellsfargo.featurefiles.Karate24_Kafka3_validation" name="Subscribing to topic" time="0.061666">
    <system-out>Given url "http://10.0.0.60:8082" ......................................... passed
Given path "/consumers/my-consumer-group" ................................. passed
And request ............................................................... passed
And header Content-Type = "application/vnd.kafka.json.v2+json" ............ passed
When method post .......................................................... passed
Then status 200 ........................................................... passed
* print response .......................................................... passed
* match response.instance_id == "piyush_consumer" ......................... passed
* def consumer_url = response.base_uri .................................... passed
* print consumer_url ...................................................... passed
Given url "http://10.0.0.60:8082" ......................................... passed
Given path "/consumers/my-consumer-group/instances/piyush_consumer/subscription" . passed
And request ............................................................... passed
And header Content-Type = "application/vnd.kafka.v2+json" ................. passed
When method post .......................................................... passed
Then status 204 ........................................................... passed</system-out>
  </testcase>
  <testcase classname="src.test.java.com.wellsfargo.featurefiles.Karate24_Kafka3_validation" name="Getting Subscription" time="0.111061">
    <system-out>Given url "http://10.0.0.60:8082" ......................................... passed
Given path "/consumers/my-consumer-group" ................................. passed
And request ............................................................... passed
And header Content-Type = "application/vnd.kafka.json.v2+json" ............ passed
When method post .......................................................... passed
Then status 200 ........................................................... passed
* print response .......................................................... passed
* match response.instance_id == "piyush_consumer" ......................... passed
* def consumer_url = response.base_uri .................................... passed
* print consumer_url ...................................................... passed
Given url "http://10.0.0.60:8082" ......................................... passed
Given path "/consumers/my-consumer-group/instances/piyush_consumer/subscription" . passed
And request ............................................................... passed
And header Content-Type = "application/vnd.kafka.v2+json" ................. passed
When method post .......................................................... passed
Then status 204 ........................................................... passed
Given url "http://10.0.0.60:8082" ......................................... passed
Given path "/consumers/my-consumer-group/instances/piyush_consumer/subscription" . passed
And header Accept = "application/vnd.kafka.v2+json" ....................... passed
When method get ........................................................... passed
Then status 200 ........................................................... passed
* print response .......................................................... passed
* assert response.topics[0] == "piyush_topic" ............................. passed</system-out>
  </testcase>
  <testcase classname="src.test.java.com.wellsfargo.featurefiles.Karate24_Kafka3_validation" name="Getting Subscription records" time="1.057311">
    <system-out>Given url "http://10.0.0.60:8082" ......................................... passed
Given path "/consumers/my-consumer-group" ................................. passed
And request ............................................................... passed
And header Content-Type = "application/vnd.kafka.json.v2+json" ............ passed
When method post .......................................................... passed
Then status 200 ........................................................... passed
* print response .......................................................... passed
* match response.instance_id == "piyush_consumer" ......................... passed
* def consumer_url = response.base_uri .................................... passed
* print consumer_url ...................................................... passed
Given url "http://10.0.0.60:8082" ......................................... passed
Given path "/consumers/my-consumer-group/instances/piyush_consumer/subscription" . passed
And request ............................................................... passed
And header Content-Type = "application/vnd.kafka.v2+json" ................. passed
When method post .......................................................... passed
Then status 204 ........................................................... passed
Given url "http://10.0.0.60:8082" ......................................... passed
Given path "/consumers/my-consumer-group/instances/piyush_consumer/subscription" . passed
And header Accept = "application/vnd.kafka.v2+json" ....................... passed
When method get ........................................................... passed
Then status 200 ........................................................... passed
* print response .......................................................... passed
* assert response.topics[0] == "piyush_topic" ............................. passed
Given url "http://10.0.0.60:8082" ......................................... passed
Given path "/consumers/my-consumer-group/instances/piyush_consumer/records" . passed
And param timeout = 3000 .................................................. passed
And param max_bytes = 300000 .............................................. passed
And header Accept = "application/vnd.kafka.json.v2+json" .................. passed
When method get ........................................................... passed
Then status 200 ........................................................... passed
* print response .......................................................... passed</system-out>
  </testcase>
  <testcase classname="src.test.java.com.wellsfargo.featurefiles.Karate24_Kafka3_validation" name="Getting assigned Assignments" time="0.046491">
    <system-out>Given url "http://10.0.0.60:8082" ......................................... passed
Given path "/consumers/my-consumer-group" ................................. passed
And request ............................................................... passed
And header Content-Type = "application/vnd.kafka.json.v2+json" ............ passed
When method post .......................................................... passed
Then status 200 ........................................................... passed
* print response .......................................................... passed
* match response.instance_id == "piyush_consumer" ......................... passed
* def consumer_url = response.base_uri .................................... passed
* print consumer_url ...................................................... passed
Given url "http://10.0.0.60:8082" ......................................... passed
Given path "/consumers/my-consumer-group/instances/piyush_consumer/subscription" . passed
And request ............................................................... passed
And header Content-Type = "application/vnd.kafka.v2+json" ................. passed
When method post .......................................................... passed
Then status 204 ........................................................... passed
Given url "http://10.0.0.60:8082" ......................................... passed
Given path "/consumers/my-consumer-group/instances/piyush_consumer/subscription" . passed
And header Accept = "application/vnd.kafka.v2+json" ....................... passed
When method get ........................................................... passed
Then status 200 ........................................................... passed
* print response .......................................................... passed
* assert response.topics[0] == "piyush_topic" ............................. passed
Given url "http://10.0.0.60:8082" ......................................... passed
Given path "/consumers/my-consumer-group/instances/piyush_consumer/records" . passed
And param timeout = 3000 .................................................. passed
And param max_bytes = 300000 .............................................. passed
And header Accept = "application/vnd.kafka.json.v2+json" .................. passed
When method get ........................................................... passed
Then status 200 ........................................................... passed
* print response .......................................................... passed
Given url "http://10.0.0.60:8082" ......................................... passed
Given path "/consumers/my-consumer-group/instances/piyush_consumer/assignments" . passed
And header Accept = "application/vnd.kafka.v2+json" ....................... passed
When method get ........................................................... passed
Then status 200 ........................................................... passed
* print response .......................................................... passed
* assert response.partitions[0].topic == "piyush_topic" ................... passed</system-out>
  </testcase>
  <testcase classname="src.test.java.com.wellsfargo.featurefiles.Karate24_Kafka3_validation" name="Deleting assigned subscription" time="0.024349">
    <system-out>Given url "http://10.0.0.60:8082" ......................................... passed
Given path "/consumers/my-consumer-group" ................................. passed
And request ............................................................... passed
And header Content-Type = "application/vnd.kafka.json.v2+json" ............ passed
When method post .......................................................... passed
Then status 200 ........................................................... passed
* print response .......................................................... passed
* match response.instance_id == "piyush_consumer" ......................... passed
* def consumer_url = response.base_uri .................................... passed
* print consumer_url ...................................................... passed
Given url "http://10.0.0.60:8082" ......................................... passed
Given path "/consumers/my-consumer-group/instances/piyush_consumer/subscription" . passed
And request ............................................................... passed
And header Content-Type = "application/vnd.kafka.v2+json" ................. passed
When method post .......................................................... passed
Then status 204 ........................................................... passed
Given url "http://10.0.0.60:8082" ......................................... passed
Given path "/consumers/my-consumer-group/instances/piyush_consumer/subscription" . passed
And header Accept = "application/vnd.kafka.v2+json" ....................... passed
When method get ........................................................... passed
Then status 200 ........................................................... passed
* print response .......................................................... passed
* assert response.topics[0] == "piyush_topic" ............................. passed
Given url "http://10.0.0.60:8082" ......................................... passed
Given path "/consumers/my-consumer-group/instances/piyush_consumer/records" . passed
And param timeout = 3000 .................................................. passed
And param max_bytes = 300000 .............................................. passed
And header Accept = "application/vnd.kafka.json.v2+json" .................. passed
When method get ........................................................... passed
Then status 200 ........................................................... passed
* print response .......................................................... passed
Given url "http://10.0.0.60:8082" ......................................... passed
Given path "/consumers/my-consumer-group/instances/piyush_consumer/assignments" . passed
And header Accept = "application/vnd.kafka.v2+json" ....................... passed
When method get ........................................................... passed
Then status 200 ........................................................... passed
* print response .......................................................... passed
* assert response.partitions[0].topic == "piyush_topic" ................... passed
Given url "http://10.0.0.60:8082" ......................................... passed
Given path "/consumers/my-consumer-group/instances/piyush_consumer/subscription" . passed
And header Accept = "application/vnd.kafka.v2+json" ....................... passed
When method delete ........................................................ passed
Then status 204 ........................................................... passed</system-out>
  </testcase>
  <testcase classname="src.test.java.com.wellsfargo.featurefiles.Karate24_Kafka3_validation" name="Deleting consumer" time="0.036115">
    <system-out>Given url "http://10.0.0.60:8082" ......................................... passed
Given path "/consumers/my-consumer-group" ................................. passed
And request ............................................................... passed
And header Content-Type = "application/vnd.kafka.json.v2+json" ............ passed
When method post .......................................................... passed
Then status 200 ........................................................... passed
* print response .......................................................... passed
* match response.instance_id == "piyush_consumer" ......................... passed
* def consumer_url = response.base_uri .................................... passed
* print consumer_url ...................................................... passed
Given url "http://10.0.0.60:8082" ......................................... passed
Given path "/consumers/my-consumer-group/instances/piyush_consumer/subscription" . passed
And request ............................................................... passed
And header Content-Type = "application/vnd.kafka.v2+json" ................. passed
When method post .......................................................... passed
Then status 204 ........................................................... passed
Given url "http://10.0.0.60:8082" ......................................... passed
Given path "/consumers/my-consumer-group/instances/piyush_consumer/subscription" . passed
And header Accept = "application/vnd.kafka.v2+json" ....................... passed
When method get ........................................................... passed
Then status 200 ........................................................... passed
* print response .......................................................... passed
* assert response.topics[0] == "piyush_topic" ............................. passed
Given url "http://10.0.0.60:8082" ......................................... passed
Given path "/consumers/my-consumer-group/instances/piyush_consumer/records" . passed
And param timeout = 3000 .................................................. passed
And param max_bytes = 300000 .............................................. passed
And header Accept = "application/vnd.kafka.json.v2+json" .................. passed
When method get ........................................................... passed
Then status 200 ........................................................... passed
* print response .......................................................... passed
Given url "http://10.0.0.60:8082" ......................................... passed
Given path "/consumers/my-consumer-group/instances/piyush_consumer/assignments" . passed
And header Accept = "application/vnd.kafka.v2+json" ....................... passed
When method get ........................................................... passed
Then status 200 ........................................................... passed
* print response .......................................................... passed
* assert response.partitions[0].topic == "piyush_topic" ................... passed
Given url "http://10.0.0.60:8082" ......................................... passed
Given path "/consumers/my-consumer-group/instances/piyush_consumer/subscription" . passed
And header Accept = "application/vnd.kafka.v2+json" ....................... passed
When method delete ........................................................ passed
Then status 204 ........................................................... passed
Given url "http://10.0.0.60:8082" ......................................... passed
Given path "/consumers/my-consumer-group/instances/piyush_consumer" ....... passed
And header Accept = "application/vnd.kafka.v2+json" ....................... passed
When method delete ........................................................ passed
Then status 204 ........................................................... passed</system-out>
  </testcase>
  <testcase classname="src.test.java.com.wellsfargo.featurefiles.Karate24_Kafka3_validation" name="Deleting consumer - Negative Test Case" time="0.035565">
    <system-out>Given url "http://10.0.0.60:8082" ......................................... passed
Given path "/consumers/my-consumer-group" ................................. passed
And request ............................................................... passed
And header Content-Type = "application/vnd.kafka.json.v2+json" ............ passed
When method post .......................................................... passed
Then status 200 ........................................................... passed
* print response .......................................................... passed
* match response.instance_id == "piyush_consumer" ......................... passed
* def consumer_url = response.base_uri .................................... passed
* print consumer_url ...................................................... passed
Given url "http://10.0.0.60:8082" ......................................... passed
Given path "/consumers/my-consumer-group/instances/piyush_consumer/subscription" . passed
And request ............................................................... passed
And header Content-Type = "application/vnd.kafka.v2+json" ................. passed
When method post .......................................................... passed
Then status 204 ........................................................... passed
Given url "http://10.0.0.60:8082" ......................................... passed
Given path "/consumers/my-consumer-group/instances/piyush_consumer/subscription" . passed
And header Accept = "application/vnd.kafka.v2+json" ....................... passed
When method get ........................................................... passed
Then status 200 ........................................................... passed
* print response .......................................................... passed
* assert response.topics[0] == "piyush_topic" ............................. passed
Given url "http://10.0.0.60:8082" ......................................... passed
Given path "/consumers/my-consumer-group/instances/piyush_consumer/records" . passed
And param timeout = 3000 .................................................. passed
And param max_bytes = 300000 .............................................. passed
And header Accept = "application/vnd.kafka.json.v2+json" .................. passed
When method get ........................................................... passed
Then status 200 ........................................................... passed
* print response .......................................................... passed
Given url "http://10.0.0.60:8082" ......................................... passed
Given path "/consumers/my-consumer-group/instances/piyush_consumer/assignments" . passed
And header Accept = "application/vnd.kafka.v2+json" ....................... passed
When method get ........................................................... passed
Then status 200 ........................................................... passed
* print response .......................................................... passed
* assert response.partitions[0].topic == "piyush_topic" ................... passed
Given url "http://10.0.0.60:8082" ......................................... passed
Given path "/consumers/my-consumer-group/instances/piyush_consumer/subscription" . passed
And header Accept = "application/vnd.kafka.v2+json" ....................... passed
When method delete ........................................................ passed
Then status 204 ........................................................... passed
Given url "http://10.0.0.60:8082" ......................................... passed
Given path "/consumers/my-consumer-group/instances/piyush_consumer" ....... passed
And header Accept = "application/vnd.kafka.v2+json" ....................... passed
When method delete ........................................................ passed
Then status 204 ........................................................... passed
Given url "http://10.0.0.60:8082" ......................................... passed
Given path "/consumers/my-consumer-group/instances/piyush_consumer" ....... passed
And header Accept = "application/vnd.kafka.v2+json" ....................... passed
When method delete ........................................................ passed
Then status 404 ........................................................... passed
* assert response.message == "Consumer instance not found." ............... passed</system-out>
  </testcase>
</testsuite>
