<testsuite failures="0" name="src/test/java/com/wellsfargo/featurefiles/Karate19_WritingResponseToFile_validation.feature" skipped="0" tests="1" time="2.116294">
  <testcase classname="src.test.java.com.wellsfargo.featurefiles.Karate19_WritingResponseToFile_validation" name="Writing to external file TestCase" time="2.116294">
    <system-out>* def util = Java.type("utils.BDDUtil") ................................... passed
Given url "https://jsonplaceholder.typicode.com/posts/1" .................. passed
When method get ........................................................... passed
Then status 200 ........................................................... passed
* def result = get response ............................................... passed
* util.writeToFile("Karate19File.json", result); .......................... passed
* def fileResponse = read('classpath:Karate19File.json') .................. passed
* print fileResponse ...................................................... passed</system-out>
  </testcase>
</testsuite>
