<testsuite failures="0" name="src/test/java/com/wellsfargo/featurefiles/Karate12_DataDriven_validation.feature" skipped="0" tests="3" time="2.76133">
  <testcase classname="src.test.java.com.wellsfargo.featurefiles.Karate12_DataDriven_validation" name="Using Reading external csv file" time="1.970035">
    <system-out>Given url "https://www.w3schools.com/xml/tempconvert.asmx/CelsiusToFahrenheit" . passed
And header Content-Type = "application/x-www-form-urlencoded" ............. passed
And request "Celsius=40" .................................................. passed
When method post .......................................................... passed
Then status 200 ........................................................... passed
* print response .......................................................... passed
* print responseHeaders ................................................... passed
* match response //string == "104" ........................................ passed</system-out>
  </testcase>
  <testcase classname="src.test.java.com.wellsfargo.featurefiles.Karate12_DataDriven_validation" name="Using Reading external csv file" time="0.406132">
    <system-out>Given url "https://www.w3schools.com/xml/tempconvert.asmx/CelsiusToFahrenheit" . passed
And header Content-Type = "application/x-www-form-urlencoded" ............. passed
And request "Celsius=40" .................................................. passed
When method post .......................................................... passed
Then status 200 ........................................................... passed
* print response .......................................................... passed
* print responseHeaders ................................................... passed
* match response //string == "104" ........................................ passed
Given url "https://www.w3schools.com/xml/tempconvert.asmx/CelsiusToFahrenheit" . passed
And header Content-Type = "application/x-www-form-urlencoded" ............. passed
And request "Celsius=37" .................................................. passed
When method post .......................................................... passed
Then status 200 ........................................................... passed
* print response .......................................................... passed
* print responseHeaders ................................................... passed
* match response //string == "98.6" ....................................... passed</system-out>
  </testcase>
  <testcase classname="src.test.java.com.wellsfargo.featurefiles.Karate12_DataDriven_validation" name="Using Reading external csv file" time="0.385162">
    <system-out>Given url "https://www.w3schools.com/xml/tempconvert.asmx/CelsiusToFahrenheit" . passed
And header Content-Type = "application/x-www-form-urlencoded" ............. passed
And request "Celsius=40" .................................................. passed
When method post .......................................................... passed
Then status 200 ........................................................... passed
* print response .......................................................... passed
* print responseHeaders ................................................... passed
* match response //string == "104" ........................................ passed
Given url "https://www.w3schools.com/xml/tempconvert.asmx/CelsiusToFahrenheit" . passed
And header Content-Type = "application/x-www-form-urlencoded" ............. passed
And request "Celsius=37" .................................................. passed
When method post .......................................................... passed
Then status 200 ........................................................... passed
* print response .......................................................... passed
* print responseHeaders ................................................... passed
* match response //string == "98.6" ....................................... passed
Given url "https://www.w3schools.com/xml/tempconvert.asmx/CelsiusToFahrenheit" . passed
And header Content-Type = "application/x-www-form-urlencoded" ............. passed
And request "Celsius=abc" ................................................. passed
When method post .......................................................... passed
Then status 200 ........................................................... passed
* print response .......................................................... passed
* print responseHeaders ................................................... passed
* match response //string == "Error" ...................................... passed</system-out>
  </testcase>
</testsuite>
